#
# There is insufficient memory for the Java Runtime Environment to continue.
# Native memory allocation (mmap) failed to map 132120576 bytes for G1 virtual space
# Possible reasons:
#   The system is out of physical RAM or swap space
#   The process is running with CompressedOops enabled, and the Java Heap may be blocking the growth of the native heap
# Possible solutions:
#   Reduce memory load on the system
#   Increase physical memory or swap space
#   Check if swap backing store is full
#   Decrease Java heap size (-Xmx/-Xms)
#   Decrease number of Java threads
#   Decrease Java thread stack sizes (-Xss)
#   Set larger code cache with -XX:ReservedCodeCacheSize=
#   JVM is running with Unscaled Compressed Oops mode in which the Java heap is
#     placed in the first 4GB address space. The Java Heap base address is the
#     maximum limit for the native heap growth. Please use -XX:HeapBaseMinAddress
#     to set the Java Heap base and to place the Java Heap above 4GB virtual address.
# This output file may be truncated or incomplete.
#
#  Out of Memory Error (os_windows.cpp:3617), pid=24664, tid=25708
#
# JRE version:  (17.0.8.1+1) (build )
# Java VM: OpenJDK 64-Bit Server VM (17.0.8.1+1, mixed mode, sharing, tiered, compressed oops, compressed class ptrs, g1 gc, windows-amd64)
# No core dump will be written. Minidumps are not enabled by default on client versions of Windows
#

---------------  S U M M A R Y ------------

Command Line: -Dfile.encoding=UTF-8 -Dstdout.encoding=UTF-8 -Dstderr.encoding=UTF-8 -XX:+ShowCodeDetailsInExceptionMessages test.ViewLogin

Host: 11th Gen Intel(R) Core(TM) i5-11400H @ 2.70GHz, 12 cores, 7G,  Windows 11 , 64 bit Build 22621 (10.0.22621.2506)
Time: Fri Dec 29 14:36:38 2023 SE Asia Standard Time elapsed time: 0.010817 seconds (0d 0h 0m 0s)

---------------  T H R E A D  ---------------

Current thread (0x0000029bcd402870):  JavaThread "Unknown thread" [_thread_in_vm, id=25708, stack(0x000000aea2100000,0x000000aea2200000)]

Stack: [0x000000aea2100000,0x000000aea2200000]
Native frames: (J=compiled Java code, j=interpreted, Vv=VM code, C=native code)
V  [jvm.dll+0x678b0a]
V  [jvm.dll+0x835e84]
V  [jvm.dll+0x83762e]
V  [jvm.dll+0x837c93]
V  [jvm.dll+0x24746f]
V  [jvm.dll+0x675859]
V  [jvm.dll+0x66a0ea]
V  [jvm.dll+0x306c7b]
V  [jvm.dll+0x30e166]
V  [jvm.dll+0x35dd3e]
V  [jvm.dll+0x35df6f]
V  [jvm.dll+0x2ddb48]
V  [jvm.dll+0x2deab4]
V  [jvm.dll+0x807f31]
V  [jvm.dll+0x36bb21]
V  [jvm.dll+0x7e733c]
V  [jvm.dll+0x3ee4af]
V  [jvm.dll+0x3f00c1]
C  [jli.dll+0x528b]
C  [ucrtbase.dll+0x29363]
C  [KERNEL32.DLL+0x1257d]
C  [ntdll.dll+0x5aa58]


---------------  P R O C E S S  ---------------

Threads class SMR info:
_java_thread_list=0x00007ffc17d7a018, length=0, elements={
}

Java Threads: ( => current thread )

Other Threads:
  0x0000029bcd4601b0 GCTaskThread "GC Thread#0" [stack: 0x000000aea2200000,0x000000aea2300000] [id=26852]
  0x0000029bcd470a40 ConcurrentGCThread "G1 Main Marker" [stack: 0x000000aea2300000,0x000000aea2400000] [id=25028]
  0x0000029bcd471450 ConcurrentGCThread "G1 Conc#0" [stack: 0x000000aea2400000,0x000000aea2500000] [id=23516]

[error occurred during error reporting (printing all threads), id 0xc0000005, EXCEPTION_ACCESS_VIOLATION (0xc0000005) at pc=0x00007ffc1754e587]

VM state: not at safepoint (not fully initialized)

VM Mutex/Monitor currently owned by a thread:  ([mutex/lock_event])
[0x0000029bcd3fe530] Heap_lock - owner thread: 0x0000029bcd402870

Heap address: 0x0000000083600000, size: 1994 MB, Compressed Oops mode: 32-bit

CDS archive(s) mapped at: [0x0000000000000000-0x0000000000000000-0x0000000000000000), size 0, SharedBaseAddress: 0x0000000800000000, ArchiveRelocationMode: 1.
Narrow klass base: 0x0000000000000000, Narrow klass shift: 0, Narrow klass range: 0x0

GC Precious Log:
<Empty>

Heap:
 garbage-first heap   total 0K, used 0K [0x0000000083600000, 0x0000000100000000)
  region size 1024K, 0 young (0K), 0 survivors (0K)

[error occurred during error reporting (printing heap information), id 0xc0000005, EXCEPTION_ACCESS_VIOLATION (0xc0000005) at pc=0x00007ffc17932699]

GC Heap History (0 events):
No events

Dll operation events (1 events):
Event: 0.007 Loaded shared library C:\Users\Admin\AppData\Local\Programs\Eclipse Adoptium\jdk-17.0.8.101-hotspot\bin\java.dll

Deoptimization events (0 events):
No events

Classes unloaded (0 events):
No events

Classes redefined (0 events):
No events

Internal exceptions (0 events):
No events

VM Operations (0 events):
No events

Events (0 events):
No events


Dynamic libraries:
0x00007ff6e9ab0000 - 0x00007ff6e9abe000 	C:\Users\Admin\AppData\Local\Programs\Eclipse Adoptium\jdk-17.0.8.101-hotspot\bin\javaw.exe
0x00007ffc945f0000 - 0x00007ffc94807000 	C:\WINDOWS\SYSTEM32\ntdll.dll
0x00007ffc927c0000 - 0x00007ffc92884000 	C:\WINDOWS\System32\KERNEL32.DLL
0x00007ffc91960000 - 0x00007ffc91d06000 	C:\WINDOWS\System32\KERNELBASE.dll
0x00007ffc91ef0000 - 0x00007ffc92001000 	C:\WINDOWS\System32\ucrtbase.dll
0x00007ffc7dc90000 - 0x00007ffc7dca9000 	C:\Users\Admin\AppData\Local\Programs\Eclipse Adoptium\jdk-17.0.8.101-hotspot\bin\VCRUNTIME140.dll
0x00007ffc7da00000 - 0x00007ffc7da17000 	C:\Users\Admin\AppData\Local\Programs\Eclipse Adoptium\jdk-17.0.8.101-hotspot\bin\jli.dll
0x00007ffc93ac0000 - 0x00007ffc93c6e000 	C:\WINDOWS\System32\USER32.dll
0x00007ffc7b190000 - 0x00007ffc7b423000 	C:\WINDOWS\WinSxS\amd64_microsoft.windows.common-controls_6595b64144ccf1df_6.0.22621.2506_none_270c5ae97388e100\COMCTL32.dll
0x00007ffc92130000 - 0x00007ffc92156000 	C:\WINDOWS\System32\win32u.dll
0x00007ffc94450000 - 0x00007ffc944f7000 	C:\WINDOWS\System32\msvcrt.dll
0x00007ffc93790000 - 0x00007ffc937b9000 	C:\WINDOWS\System32\GDI32.dll
0x00007ffc92220000 - 0x00007ffc92338000 	C:\WINDOWS\System32\gdi32full.dll
0x00007ffc92010000 - 0x00007ffc920aa000 	C:\WINDOWS\System32\msvcp_win.dll
0x00007ffc92ba0000 - 0x00007ffc92bd1000 	C:\WINDOWS\System32\IMM32.DLL
0x00007ffc82ea0000 - 0x00007ffc82eac000 	C:\Users\Admin\AppData\Local\Programs\Eclipse Adoptium\jdk-17.0.8.101-hotspot\bin\vcruntime140_1.dll
0x00007ffc4e6f0000 - 0x00007ffc4e781000 	C:\Users\Admin\AppData\Local\Programs\Eclipse Adoptium\jdk-17.0.8.101-hotspot\bin\msvcp140.dll
0x00007ffc17260000 - 0x00007ffc17eac000 	C:\Users\Admin\AppData\Local\Programs\Eclipse Adoptium\jdk-17.0.8.101-hotspot\bin\server\jvm.dll
0x00007ffc92bf0000 - 0x00007ffc92ca1000 	C:\WINDOWS\System32\ADVAPI32.dll
0x00007ffc93910000 - 0x00007ffc939b5000 	C:\WINDOWS\System32\sechost.dll
0x00007ffc928a0000 - 0x00007ffc929b7000 	C:\WINDOWS\System32\RPCRT4.dll
0x00007ffc90780000 - 0x00007ffc907cd000 	C:\WINDOWS\SYSTEM32\POWRPROF.dll
0x00007ffc70b90000 - 0x00007ffc70b99000 	C:\WINDOWS\SYSTEM32\WSOCK32.dll
0x00007ffc88be0000 - 0x00007ffc88c14000 	C:\WINDOWS\SYSTEM32\WINMM.dll
0x00007ffc93d70000 - 0x00007ffc93de1000 	C:\WINDOWS\System32\WS2_32.dll
0x00007ffc88a70000 - 0x00007ffc88a7a000 	C:\WINDOWS\SYSTEM32\VERSION.dll
0x00007ffc90750000 - 0x00007ffc90763000 	C:\WINDOWS\SYSTEM32\UMPDC.dll
0x00007ffc90a20000 - 0x00007ffc90a38000 	C:\WINDOWS\SYSTEM32\kernel.appcore.dll
0x00007ffc8c890000 - 0x00007ffc8c89a000 	C:\Users\Admin\AppData\Local\Programs\Eclipse Adoptium\jdk-17.0.8.101-hotspot\bin\jimage.dll
0x00007ffc8f250000 - 0x00007ffc8f483000 	C:\WINDOWS\SYSTEM32\DBGHELP.DLL
0x00007ffc93f90000 - 0x00007ffc94319000 	C:\WINDOWS\System32\combase.dll
0x00007ffc92e30000 - 0x00007ffc92f07000 	C:\WINDOWS\System32\OLEAUT32.dll
0x00007ffc740d0000 - 0x00007ffc74102000 	C:\WINDOWS\SYSTEM32\dbgcore.DLL
0x00007ffc920b0000 - 0x00007ffc9212a000 	C:\WINDOWS\System32\bcryptPrimitives.dll
0x00007ffc829c0000 - 0x00007ffc829e5000 	C:\Users\Admin\AppData\Local\Programs\Eclipse Adoptium\jdk-17.0.8.101-hotspot\bin\java.dll

dbghelp: loaded successfully - version: 4.0.5 - missing functions: none
symbol engine: initialized successfully - sym options: 0x614 - pdb path: .;C:\Users\Admin\AppData\Local\Programs\Eclipse Adoptium\jdk-17.0.8.101-hotspot\bin;C:\WINDOWS\SYSTEM32;C:\WINDOWS\WinSxS\amd64_microsoft.windows.common-controls_6595b64144ccf1df_6.0.22621.2506_none_270c5ae97388e100;C:\Users\Admin\AppData\Local\Programs\Eclipse Adoptium\jdk-17.0.8.101-hotspot\bin\server

VM Arguments:
jvm_args: -Dfile.encoding=UTF-8 -Dstdout.encoding=UTF-8 -Dstderr.encoding=UTF-8 -XX:+ShowCodeDetailsInExceptionMessages 
java_command: test.ViewLogin
java_class_path (initial): D:\ung_dung_lap_trinh\ECLIPSE\java-oop\thuvien\bin
Launcher Type: SUN_STANDARD

[Global flags]
     intx CICompilerCount                          = 4                                         {product} {ergonomic}
     uint ConcGCThreads                            = 3                                         {product} {ergonomic}
     uint G1ConcRefinementThreads                  = 10                                        {product} {ergonomic}
   size_t G1HeapRegionSize                         = 1048576                                   {product} {ergonomic}
    uintx GCDrainStackTargetSize                   = 64                                        {product} {ergonomic}
   size_t InitialHeapSize                          = 132120576                                 {product} {ergonomic}
   size_t MarkStackSize                            = 4194304                                   {product} {ergonomic}
   size_t MaxHeapSize                              = 2090860544                                {product} {ergonomic}
   size_t MinHeapDeltaBytes                        = 1048576                                   {product} {ergonomic}
   size_t MinHeapSize                              = 8388608                                   {product} {ergonomic}
    uintx NonNMethodCodeHeapSize                   = 5839372                                {pd product} {ergonomic}
    uintx NonProfiledCodeHeapSize                  = 122909434                              {pd product} {ergonomic}
    uintx ProfiledCodeHeapSize                     = 122909434                              {pd product} {ergonomic}
    uintx ReservedCodeCacheSize                    = 251658240                              {pd product} {ergonomic}
     bool SegmentedCodeCache                       = true                                      {product} {ergonomic}
     bool ShowCodeDetailsInExceptionMessages       = true                                   {manageable} {command line}
   size_t SoftMaxHeapSize                          = 2090860544                             {manageable} {ergonomic}
     bool UseCompressedClassPointers               = true                           {product lp64_product} {ergonomic}
     bool UseCompressedOops                        = true                           {product lp64_product} {ergonomic}
     bool UseG1GC                                  = true                                      {product} {ergonomic}
     bool UseLargePagesIndividualAllocation        = false                                  {pd product} {ergonomic}

Logging:
Log output configuration:
 #0: stdout all=warning uptime,level,tags
 #1: stderr all=off uptime,level,tags

Environment Variables:
JAVA_HOME=C:\Users\Admin\AppData\Local\Programs\Eclipse Adoptium\jdk-17.0.8.101-hotspot\
PATH=C:/Users/Admin/AppData/Local/Programs/Eclipse Adoptium/jdk-17.0.8.101-hotspot/bin/server;C:/Users/Admin/AppData/Local/Programs/Eclipse Adoptium/jdk-17.0.8.101-hotspot/bin;C:\Program Files\Microsoft MPI\Bin\;C:\Program Files\Common Files\Oracle\Java\javapath;C:\WINDOWS\system32;C:\WINDOWS;C:\WINDOWS\System32\Wbem;C:\WINDOWS\System32\WindowsPowerShell\v1.0\;C:\WINDOWS\System32\OpenSSH\;D:\cac_ung_dung_lap_trinh\MINGW_SETUP(1)\bin;D:\cac_ung_dung_lap_trinh\MINGW_SETUP\MINGW_SETUP(1)\bin;D:\ung_dung_lap_trinh\MINGW_SETUP\MINGW_SETUP(1)\bin;C:\Program Files (x86)\Microsoft SQL Server\160\Tools\Binn\;C:\Program Files\Microsoft SQL Server\160\Tools\Binn\;C:\Program Files\Microsoft SQL Server\Client SDK\ODBC\170\Tools\Binn\;C:\Program Files\Microsoft SQL Server\160\DTS\Binn\;C:\Program Files (x86)\Microsoft SQL Server\160\DTS\Binn\;C:\Program Files\Azure Data Studio\bin;C:\Program Files\MySQL\MySQL Shell 8.0\bin\;C:\Users\Admin\AppData\Local\Programs\Eclipse Adoptium\jdk-17.0.8.101-hotspot\bin;C:\Users\Admin\AppData\Local\Microsoft\WindowsApps;D:\cac_ung_dung_lap_trinh\Microsoft VS Code\bin;C:\Program Files\Azure Data Studio\bin;C:\Program Files\MySQL\MySQL Server 8.0\bin;;C:\WINDOWS\System32;
USERNAME=Admin
OS=Windows_NT
PROCESSOR_IDENTIFIER=Intel64 Family 6 Model 141 Stepping 1, GenuineIntel
TMP=C:\Users\Admin\AppData\Local\Temp
TEMP=C:\Users\Admin\AppData\Local\Temp



---------------  S Y S T E M  ---------------

OS:
 Windows 11 , 64 bit Build 22621 (10.0.22621.2506)
OS uptime: 1 days 18:42 hours
Hyper-V role detected

CPU: total 12 (initial active 12) (6 cores per cpu, 2 threads per core) family 6 model 141 stepping 1 microcode 0x3c, cx8, cmov, fxsr, ht, mmx, 3dnowpref, sse, sse2, sse3, ssse3, sse4.1, sse4.2, popcnt, lzcnt, tsc, tscinvbit, avx, avx2, aes, erms, clmul, bmi1, bmi2, adx, avx512f, avx512dq, avx512cd, avx512bw, avx512vl, sha, fma, vzeroupper, avx512_vpopcntdq, avx512_vpclmulqdq, avx512_vaes, avx512_vnni, clflush, clflushopt, clwb, avx512_vbmi2, avx512_vbmi, hv
Processor Information for all 12 processors :
  Max Mhz: 2688, Current Mhz: 2688, Mhz Limit: 2688

Memory: 4k page, system-wide physical 7971M (617M free)
TotalPageFile size 32542M (AvailPageFile size 61M)
current process WorkingSet (physical memory assigned to process): 11M, peak: 11M
current process commit charge ("private bytes"): 64M, peak: 190M

vm_info: OpenJDK 64-Bit Server VM (17.0.8.1+1) for windows-amd64 JRE (17.0.8.1+1), built on Aug 23 2023 15:29:17 by "admin" with MS VC++ 16.7 (VS2019)

END.
